Performing C++ SOURCE FILE Test CMAKE_HAVE_LIBC_PTHREAD failed with the following output:
Change Dir: C:/QT_projects/tests/build-Linear_congruential_generator-Desktop_Qt_6_2_3_MSVC2019_64bit-Debug/CMakeFiles/CMakeTmp

Run Build Command(s):C:/PROGRA~2/Microsoft Visual Studio/2019/Professional/Common7/IDE/CommonExtensions/Microsoft/CMake/Ninja/ninja.exe cmTC_a3c4b && [1/2] Building CXX object CMakeFiles\cmTC_a3c4b.dir\src.cxx.obj
FAILED: CMakeFiles/cmTC_a3c4b.dir/src.cxx.obj 
"C:\PROGRA~2\Microsoft Visual Studio\2019\Professional\VC\Tools\MSVC\14.29.30133\bin\HostX64\x64\cl.exe"  /nologo /TP -DCMAKE_HAVE_LIBC_PTHREAD  /DWIN32 /D_WINDOWS /W3 /GR /EHsc  /MDd /Zi /Ob0 /Od /RTC1 /showIncludes /FoCMakeFiles\cmTC_a3c4b.dir\src.cxx.obj /FdCMakeFiles\cmTC_a3c4b.dir\ /FS -c C:\QT_projects\tests\build-Linear_congruential_generator-Desktop_Qt_6_2_3_MSVC2019_64bit-Debug\CMakeFiles\CMakeTmp\src.cxx
C:\QT_projects\tests\build-Linear_congruential_generator-Desktop_Qt_6_2_3_MSVC2019_64bit-Debug\CMakeFiles\CMakeTmp\src.cxx(1): fatal error C1083: Не удается открыть файл включение: pthread.h: No such file or directory,
ninja: build stopped: subcommand failed.


Source file was:
#include <pthread.h>

static void* test_func(void* data)
{
  return data;
}

int main(void)
{
  pthread_t thread;
  pthread_create(&thread, NULL, test_func, NULL);
  pthread_detach(thread);
  pthread_cancel(thread);
  pthread_join(thread, NULL);
  pthread_atfork(NULL, NULL, NULL);
  pthread_exit(NULL);

  return 0;
}

Determining if the function pthread_create exists in the pthreads failed with the following output:
Change Dir: C:/QT_projects/tests/build-Linear_congruential_generator-Desktop_Qt_6_2_3_MSVC2019_64bit-Debug/CMakeFiles/CMakeTmp

Run Build Command(s):C:/PROGRA~2/Microsoft Visual Studio/2019/Professional/Common7/IDE/CommonExtensions/Microsoft/CMake/Ninja/ninja.exe cmTC_1709f && [1/2] Building CXX object CMakeFiles\cmTC_1709f.dir\CheckFunctionExists.cxx.obj
[2/2] Linking CXX executable cmTC_1709f.exe
FAILED: cmTC_1709f.exe 
cmd.exe /C "cd . && C:\Python310\Lib\site-packages\cmake\data\bin\cmake.exe -E vs_link_exe --intdir=CMakeFiles\cmTC_1709f.dir --rc="C:\PROGRA~2\Windows Kits\10\bin\10.0.19041.0\x64\rc.exe" --mt="C:\PROGRA~2\Windows Kits\10\bin\10.0.19041.0\x64\mt.exe" --manifests  -- "C:\PROGRA~2\Microsoft Visual Studio\2019\Professional\VC\Tools\MSVC\14.29.30133\bin\Hostx64\x64\link.exe" /nologo CMakeFiles\cmTC_1709f.dir\CheckFunctionExists.cxx.obj  /out:cmTC_1709f.exe /implib:cmTC_1709f.lib /pdb:cmTC_1709f.pdb /version:0.0 /machine:x64  /debug /INCREMENTAL /subsystem:console  pthreads.lib  kernel32.lib user32.lib gdi32.lib winspool.lib shell32.lib ole32.lib oleaut32.lib uuid.lib comdlg32.lib advapi32.lib && cd ."
LINK Pass 1: command "C:\PROGRA~2\Microsoft Visual Studio\2019\Professional\VC\Tools\MSVC\14.29.30133\bin\Hostx64\x64\link.exe /nologo CMakeFiles\cmTC_1709f.dir\CheckFunctionExists.cxx.obj /out:cmTC_1709f.exe /implib:cmTC_1709f.lib /pdb:cmTC_1709f.pdb /version:0.0 /machine:x64 /debug /INCREMENTAL /subsystem:console pthreads.lib kernel32.lib user32.lib gdi32.lib winspool.lib shell32.lib ole32.lib oleaut32.lib uuid.lib comdlg32.lib advapi32.lib /MANIFEST /MANIFESTFILE:CMakeFiles\cmTC_1709f.dir/intermediate.manifest CMakeFiles\cmTC_1709f.dir/manifest.res" failed (exit code 1104) with the following output:
LINK : fatal error LNK1104: не удается открыть файл "pthreads.lib"
ninja: build stopped: subcommand failed.



Determining if the function pthread_create exists in the pthread failed with the following output:
Change Dir: C:/QT_projects/tests/build-Linear_congruential_generator-Desktop_Qt_6_2_3_MSVC2019_64bit-Debug/CMakeFiles/CMakeTmp

Run Build Command(s):C:/PROGRA~2/Microsoft Visual Studio/2019/Professional/Common7/IDE/CommonExtensions/Microsoft/CMake/Ninja/ninja.exe cmTC_6c622 && [1/2] Building CXX object CMakeFiles\cmTC_6c622.dir\CheckFunctionExists.cxx.obj
[2/2] Linking CXX executable cmTC_6c622.exe
FAILED: cmTC_6c622.exe 
cmd.exe /C "cd . && C:\Python310\Lib\site-packages\cmake\data\bin\cmake.exe -E vs_link_exe --intdir=CMakeFiles\cmTC_6c622.dir --rc="C:\PROGRA~2\Windows Kits\10\bin\10.0.19041.0\x64\rc.exe" --mt="C:\PROGRA~2\Windows Kits\10\bin\10.0.19041.0\x64\mt.exe" --manifests  -- "C:\PROGRA~2\Microsoft Visual Studio\2019\Professional\VC\Tools\MSVC\14.29.30133\bin\Hostx64\x64\link.exe" /nologo CMakeFiles\cmTC_6c622.dir\CheckFunctionExists.cxx.obj  /out:cmTC_6c622.exe /implib:cmTC_6c622.lib /pdb:cmTC_6c622.pdb /version:0.0 /machine:x64  /debug /INCREMENTAL /subsystem:console  pthread.lib  kernel32.lib user32.lib gdi32.lib winspool.lib shell32.lib ole32.lib oleaut32.lib uuid.lib comdlg32.lib advapi32.lib && cd ."
LINK Pass 1: command "C:\PROGRA~2\Microsoft Visual Studio\2019\Professional\VC\Tools\MSVC\14.29.30133\bin\Hostx64\x64\link.exe /nologo CMakeFiles\cmTC_6c622.dir\CheckFunctionExists.cxx.obj /out:cmTC_6c622.exe /implib:cmTC_6c622.lib /pdb:cmTC_6c622.pdb /version:0.0 /machine:x64 /debug /INCREMENTAL /subsystem:console pthread.lib kernel32.lib user32.lib gdi32.lib winspool.lib shell32.lib ole32.lib oleaut32.lib uuid.lib comdlg32.lib advapi32.lib /MANIFEST /MANIFESTFILE:CMakeFiles\cmTC_6c622.dir/intermediate.manifest CMakeFiles\cmTC_6c622.dir/manifest.res" failed (exit code 1104) with the following output:
LINK : fatal error LNK1104: не удается открыть файл "pthread.lib"
ninja: build stopped: subcommand failed.



